C51 COMPILER V9.59.0.0   IAP                                                               06/23/2026 21:13:58 PAGE 1   


C51 COMPILER V9.59.0.0, COMPILATION OF MODULE IAP
OBJECT MODULE PLACED IN .\Objects\IAP.obj
COMPILER INVOKED BY: D:\Keil_v5\C51\BIN\C51.EXE EEPROM\IAP.c OPTIMIZE(8,SPEED) BROWSE DEBUG OBJECTEXTEND PRINT(.\Listing
                    -s\IAP.lst) TABS(2) OBJECT(.\Objects\IAP.obj)

line level    source

   1          #include "IAP.h"
*** WARNING C318 IN LINE 10 OF AI8G.h: can't open file 'cstdint'
*** ERROR C141 IN LINE 26 OF EEPROM\IAP.h: syntax error near ')', expected '<id>'
   2          
   3          // STC8G1K08A EEPROM相关常量
   4          #define EEPROM_START_ADDR 0x0000 // EEPROM起始地址
   5          #define EEPROM_END_ADDR 0x03FF   // EEPROM结束地址(1KB)
   6          #define EEPROM_SIZE 1024         // EEPROM大小(字节)
   7          
   8          /**
   9           * @brief 使能IAP功能
  10           * @param sys_clk_mhz 系统时钟频率(MHz)，用于设置正确的等待时间
  11           */
  12          void IAP_Enable(uint8_t sys_clk_mhz) {
  13   1        IAP_CONTR = IAP_EN;                        // 使能IAP功能
  14   1        IAP_TPS = (sys_clk_mhz * 1000000) / 10000; // 设置IAP操作等待时间
  15   1      }
  16          
  17          /**
  18           * @brief 禁用IAP功能
  19           */
  20          void IAP_Disable(void) {
  21   1        IAP_CONTR = 0x00; // 禁用IAP
  22   1        IAP_CMD = 0x00;   // 清除命令
  23   1      }
  24          
  25          /**
  26           * @brief 读取EEPROM指定地址的一个字节
  27           * @param addr EEPROM地址(0x0000-0x03FF)
  28           * @return 读取到的字节数据
  29           */
  30          uint8_t EEPROM_ReadByte(uint16_t addr) {
  31   1        uint8_t data;
*** ERROR C141 IN LINE 31 OF EEPROM\IAP.c: syntax error near ';', expected '<id>'
  32   1      
  33   1        if (addr > EEPROM_END_ADDR)
  34   1          return 0xFF; // 地址越界返回0xFF
  35   1      
  36   1        IAP_Enable(11); // 假设系统时钟为11MHz
  37   1      
  38   1        IAP_ADDRH = (uint8_t)(addr >> 8);
  39   1        IAP_ADDRL = (uint8_t)addr;
  40   1        IAP_CMD = IAP_CMD_READ;
  41   1        IAP_TRIG = 0x5A; // 触发IAP操作
  42   1        IAP_TRIG = 0xA5;
  43   1      
  44   1        data = IAP_DATA;
*** ERROR C141 IN LINE 44 OF EEPROM\IAP.c: syntax error near 'data', expected '__asm'
  45   1      
  46   1        IAP_Disable();
  47   1      
  48   1        return data;
*** ERROR C141 IN LINE 48 OF EEPROM\IAP.c: syntax error near 'data', expected ';'
  49   1      }
C51 COMPILER V9.59.0.0   IAP                                                               06/23/2026 21:13:58 PAGE 2   

  50          
  51          /**
  52           * @brief 读取EEPROM指定地址的某一位
  53           * @param addr EEPROM地址(0x0000-0x03FF)
  54           * @param bit_pos 位位置(0-7)，0为最低位
  55           * @return 读取到的位值(0或1)
  56           */
  57          bit EEPROM_ReadBit(uint16_t addr, uint8_t bit_pos) {
  58   1        uint8_t byte_data;
  59   1      
  60   1        if (bit_pos > 7)
  61   1          return 0;
  62   1      
  63   1        byte_data = EEPROM_ReadByte(addr);
  64   1      
  65   1        return (byte_data >> bit_pos) & 0x01;
  66   1      }
  67          
  68          /**
  69           * @brief 读取EEPROM指定地址开始的多个字节
  70           * @param addr 起始地址
  71           * @param len 读取长度
  72           * @param buf 存储数据的缓冲区指针
  73           * @return 实际读取的字节数
  74           */
  75          uint16_t EEPROM_ReadBytes(uint16_t addr, uint16_t len, uint8_t *buf) {
  76   1        uint16_t i;
  77   1        uint16_t read_len = 0;
  78   1      
  79   1        if (buf == NULL || len == 0)
  80   1          return 0;
  81   1      
  82   1        // 计算实际可读取的长度
  83   1        if (addr + len > EEPROM_END_ADDR + 1) {
  84   2          read_len = EEPROM_END_ADDR - addr + 1;
  85   2        } else {
  86   2          read_len = len;
  87   2        }
  88   1      
  89   1        for (i = 0; i < read_len; i++) {
  90   2          buf[i] = EEPROM_ReadByte(addr + i);
  91   2        }
  92   1      
  93   1        return read_len;
  94   1      }
  95          
  96          /**
  97           * @brief 读取EEPROM指定地址范围的内容
  98           * @param start_addr 起始地址
  99           * @param end_addr 结束地址(包含)
 100           * @param buf 存储数据的缓冲区指针
 101           * @return 实际读取的字节数
 102           */
 103          uint16_t EEPROM_ReadRange(uint16_t start_addr, uint16_t end_addr,
 104                                    uint8_t *buf) {
 105   1        if (start_addr > end_addr || buf == NULL)
 106   1          return 0;
 107   1      
 108   1        // 修正地址范围
 109   1        if (start_addr > EEPROM_END_ADDR)
 110   1          return 0;
 111   1        if (end_addr > EEPROM_END_ADDR)
C51 COMPILER V9.59.0.0   IAP                                                               06/23/2026 21:13:58 PAGE 3   

 112   1          end_addr = EEPROM_END_ADDR;
 113   1      
 114   1        return EEPROM_ReadBytes(start_addr, end_addr - start_addr + 1, buf);
 115   1      }
 116          
 117          /**
 118           * @brief 读取整个EEPROM内容
 119           * @param buf 存储数据的缓冲区指针(至少1024字节)
 120           * @return 实际读取的字节数
 121           */
 122          uint16_t EEPROM_ReadAll(uint8_t *buf) {
 123   1        if (buf == NULL)
 124   1          return 0;
 125   1      
 126   1        return EEPROM_ReadBytes(EEPROM_START_ADDR, EEPROM_SIZE, buf);
 127   1      }
 128          
 129          /**
 130           * @brief 向EEPROM指定地址写入一个字节
 131           * @param addr EEPROM地址(0x0000-0x03FF)
 132           * @param data 要写入的字节数据
 133           */
 134          void EEPROM_WriteByte(uint16_t addr, uint8_t data) {
*** ERROR C141 IN LINE 134 OF EEPROM\IAP.c: syntax error near ')', expected '<id>'
 135   1        if (addr > EEPROM_END_ADDR)
 136   1          return;
 137   1      
 138   1        IAP_Enable(11); // 假设系统时钟为11MHz
 139   1      
 140   1        IAP_ADDRH = (uint8_t)(addr >> 8);
 141   1        IAP_ADDRL = (uint8_t)addr;
 142   1        IAP_DATA = data;
*** ERROR C141 IN LINE 142 OF EEPROM\IAP.c: syntax error near 'data', expected 'sizeof'
 143   1        IAP_CMD = IAP_CMD_PROG;
 144   1        IAP_TRIG = 0x5A; // 触发IAP操作
 145   1        IAP_TRIG = 0xA5;
 146   1      
 147   1        IAP_Disable();
 148   1      }
 149          
 150          /**
 151           * @brief 向EEPROM指定地址写入多个字节
 152           * @param addr 起始地址
 153           * @param len 写入长度
 154           * @param buf 要写入的数据缓冲区指针
 155           * @return 实际写入的字节数
 156           */
 157          uint16_t EEPROM_WriteBytes(uint16_t addr, uint16_t len, const uint8_t *buf) {
 158   1        uint16_t i;
 159   1        uint16_t write_len = 0;
 160   1      
 161   1        if (buf == NULL || len == 0)
 162   1          return 0;
 163   1      
 164   1        // 计算实际可写入的长度
 165   1        if (addr + len > EEPROM_END_ADDR + 1) {
 166   2          write_len = EEPROM_END_ADDR - addr + 1;
 167   2        } else {
 168   2          write_len = len;
 169   2        }
 170   1      
 171   1        for (i = 0; i < write_len; i++) {
C51 COMPILER V9.59.0.0   IAP                                                               06/23/2026 21:13:58 PAGE 4   

 172   2          EEPROM_WriteByte(addr + i, buf[i]);
*** ERROR C208 IN LINE 172 OF EEPROM\IAP.c: '_EEPROM_WriteByte': too many actual parameters
 173   2        }
 174   1      
 175   1        return write_len;
 176   1      }
 177          
 178          /**
 179           * @brief 擦除指定扇区(STC8G1K08A扇区大小为512字节)
 180           * @param sector_addr 扇区起始地址(0x0000或0x0200)
 181           */
 182          void EEPROM_EraseSector(uint16_t sector_addr) {
 183   1        // STC8G1K08A的EEPROM分为2个扇区: 0x0000-0x01FF 和 0x0200-0x03FF
 184   1        if (sector_addr != 0x0000 && sector_addr != 0x0200)
 185   1          return;
 186   1      
 187   1        IAP_Enable(11); // 假设系统时钟为11MHz
 188   1      
 189   1        IAP_ADDRH = (uint8_t)(sector_addr >> 8);
 190   1        IAP_ADDRL = (uint8_t)sector_addr;
 191   1        IAP_CMD = IAP_CMD_ERASE;
 192   1        IAP_TRIG = 0x5A; // 触发IAP操作
 193   1        IAP_TRIG = 0xA5;
 194   1      
 195   1        IAP_Disable();
 196   1      }
 197          
 198          /**
 199           * @brief 擦除整个EEPROM(写入0xFF)
 200           */
 201          void EEPROM_EraseAll(void) {
 202   1        // 擦除两个扇区
 203   1        EEPROM_EraseSector(0x0000);
 204   1        EEPROM_EraseSector(0x0200);
 205   1      }
 206          
 207          /**
 208           * @brief 将EEPROM指定地址范围填充为指定值
 209           * @param addr 起始地址
 210           * @param len 填充长度
 211           * @param value 填充值
 212           * @return 实际填充的字节数
 213           */
 214          uint16_t EEPROM_Fill(uint16_t addr, uint16_t len, uint8_t value) {
 215   1        uint16_t i;
 216   1        uint16_t fill_len = 0;
 217   1      
 218   1        if (len == 0)
 219   1          return 0;
 220   1      
 221   1        // 计算实际可填充的长度
 222   1        if (addr + len > EEPROM_END_ADDR + 1) {
 223   2          fill_len = EEPROM_END_ADDR - addr + 1;
 224   2        } else {
 225   2          fill_len = len;
 226   2        }
 227   1      
 228   1        for (i = 0; i < fill_len; i++) {
 229   2          EEPROM_WriteByte(addr + i, value);
*** ERROR C208 IN LINE 229 OF EEPROM\IAP.c: '_EEPROM_WriteByte': too many actual parameters
 230   2        }
 231   1      
C51 COMPILER V9.59.0.0   IAP                                                               06/23/2026 21:13:58 PAGE 5   

 232   1        return fill_len;
 233   1      }
 234          
 235          /**
 236           * @brief 将EEPROM指定地址范围清空为0x00
 237           * @param addr 起始地址
 238           * @param len 清空长度
 239           * @return 实际清空的字节数
 240           */
 241          uint16_t EEPROM_Clear(uint16_t addr, uint16_t len) {
 242   1        return EEPROM_Fill(addr, len, 0x00);
 243   1      }
 244          
 245          /**
 246           * @brief 清空整个EEPROM为0x00
 247           */
 248          void EEPROM_ClearAll(void) {
 249   1        EEPROM_Fill(EEPROM_START_ADDR, EEPROM_SIZE, 0x00);
 250   1      }
 251          
 252          /**
 253           * @brief 检查EEPROM指定地址范围是否全为指定值
 254           * @param addr 起始地址
 255           * @param len 检查长度
 256           * @param value 要检查的值
 257           * @return 1: 全部相等, 0: 存在不相等
 258           */
 259          bit EEPROM_CheckValue(uint16_t addr, uint16_t len, uint8_t value) {
 260   1        uint16_t i;
 261   1      
 262   1        if (addr + len > EEPROM_END_ADDR + 1)
 263   1          len = EEPROM_END_ADDR - addr + 1;
 264   1      
 265   1        for (i = 0; i < len; i++) {
 266   2          if (EEPROM_ReadByte(addr + i) != value)
 267   2            return 0;
 268   2        }
 269   1      
 270   1        return 1;
 271   1      }
 272          
 273          /**
 274           * @brief 比较EEPROM指定地址内容与缓冲区数据
 275           * @param addr EEPROM起始地址
 276           * @param len 比较长度
 277           * @param buf 比较数据缓冲区
 278           * @return 1: 相等, 0: 不相等
 279           */
 280          bit EEPROM_Compare(uint16_t addr, uint16_t len, const uint8_t *buf) {
 281   1        uint16_t i;
 282   1      
 283   1        if (buf == NULL || len == 0)
 284   1          return 0;
 285   1      
 286   1        if (addr + len > EEPROM_END_ADDR + 1)
 287   1          len = EEPROM_END_ADDR - addr + 1;
 288   1      
 289   1        for (i = 0; i < len; i++) {
 290   2          if (EEPROM_ReadByte(addr + i) != buf[i])
 291   2            return 0;
 292   2        }
 293   1      
C51 COMPILER V9.59.0.0   IAP                                                               06/23/2026 21:13:58 PAGE 6   

 294   1        return 1;
 295   1      }
 296          
 297          /**
 298           * @brief 向EEPROM指定地址写入一个位
 299           * @param addr EEPROM地址(0x0000-0x03FF)
 300           * @param bit_pos 位位置(0-7)
 301           * @param bit_value 位值(0或1)
 302           */
 303          void EEPROM_WriteBit(uint16_t addr, uint8_t bit_pos, bit bit_value) {
 304   1        uint8_t byte_data;
 305   1      
 306   1        if (bit_pos > 7 || addr > EEPROM_END_ADDR)
 307   1          return;
 308   1      
 309   1        byte_data = EEPROM_ReadByte(addr);
 310   1      
 311   1        if (bit_value) {
 312   2          byte_data |= (1 << bit_pos);
 313   2        } else {
 314   2          byte_data &= ~(1 << bit_pos);
 315   2        }
 316   1      
 317   1        EEPROM_WriteByte(addr, byte_data);
*** ERROR C208 IN LINE 317 OF EEPROM\IAP.c: '_EEPROM_WriteByte': too many actual parameters
 318   1      }
 319          
 320          /**
 321           * @brief 切换EEPROM指定地址的某一位
 322           * @param addr EEPROM地址(0x0000-0x03FF)
 323           * @param bit_pos 位位置(0-7)
 324           */
 325          void EEPROM_ToggleBit(uint16_t addr, uint8_t bit_pos) {
 326   1        uint8_t byte_data;
 327   1      
 328   1        if (bit_pos > 7 || addr > EEPROM_END_ADDR)
 329   1          return;
 330   1      
 331   1        byte_data = EEPROM_ReadByte(addr);
 332   1        byte_data ^= (1 << bit_pos);
 333   1        EEPROM_WriteByte(addr, byte_data);
*** ERROR C208 IN LINE 333 OF EEPROM\IAP.c: '_EEPROM_WriteByte': too many actual parameters
 334   1      }

C51 COMPILATION COMPLETE.  1 WARNING(S),  10 ERROR(S)
