C51 COMPILER V9.59.0.0   STORAGEMGR                                                        06/23/2026 21:13:58 PAGE 1   


C51 COMPILER V9.59.0.0, COMPILATION OF MODULE STORAGEMGR
OBJECT MODULE PLACED IN .\Objects\StorageMgr.obj
COMPILER INVOKED BY: D:\Keil_v5\C51\BIN\C51.EXE StorageMgr.c OPTIMIZE(8,SPEED) BROWSE DEBUG OBJECTEXTEND PRINT(.\Listing
                    -s\StorageMgr.lst) TABS(2) OBJECT(.\Objects\StorageMgr.obj)

line level    source

   1          #include "StorageMgr.h"
*** WARNING C318 IN LINE 3 OF StorageMgr.h: can't open file '24c64.h'
   2          
   3          // 初始化存储器管理器
   4          void StorageMgr_Init(void) { I2C_Init(); }
*** WARNING C206 IN LINE 4 OF StorageMgr.c: 'I2C_Init': missing function-prototype


MODULE INFORMATION:   STATIC OVERLAYABLE
   CODE SIZE        =      3    ----
   CONSTANT SIZE    =   ----    ----
   XDATA SIZE       =   ----    ----
   PDATA SIZE       =   ----    ----
   DATA SIZE        =   ----    ----
   IDATA SIZE       =   ----    ----
   BIT SIZE         =   ----    ----
END OF MODULE INFORMATION.


C51 COMPILATION COMPLETE.  2 WARNING(S),  0 ERROR(S)
